<?xml version="1.0" encoding="UTF-8"?>
<!-- Generated by org.testng.reporters.JUnitXMLReporter -->
<testsuite ignored="0" hostname="LTIN488249" failures="0" tests="3" name="Default test" time="0.044" errors="0" timestamp="2024-05-15T22:25:04 IST">
  <testcase classname="Examples.FirstTestNG" name="test1" time="0.009"/>
  <testcase classname="Examples.FirstTestNG" name="test2" time="0.001"/>
  <testcase classname="Examples.FirstTestNG" name="test3" time="0.001"/>
</testsuite> <!-- Default test -->
