<?xml version="1.0" encoding="UTF-8"?>
<testng-results ignored="0" total="3" passed="3" failed="0" skipped="0">
  <reporter-output>
  </reporter-output>
  <suite started-at="2024-05-30T17:04:10 IST" name="Suite" finished-at="2024-05-30T17:04:10 IST" duration-ms="36">
    <groups>
    </groups>
    <test started-at="2024-05-30T17:04:10 IST" name="Test" finished-at="2024-05-30T17:04:10 IST" duration-ms="36">
      <class name="Examples.FirstTestNG">
        <test-method signature="test1()[pri:0, instance:Examples.FirstTestNG@2dc54ad4]" started-at="2024-05-30T17:04:10 IST" name="test1" finished-at="2024-05-30T17:04:10 IST" duration-ms="8" status="PASS">
          <reporter-output>
          </reporter-output>
        </test-method> <!-- test1 -->
        <test-method signature="test2()[pri:0, instance:Examples.FirstTestNG@2dc54ad4]" started-at="2024-05-30T17:04:10 IST" name="test2" finished-at="2024-05-30T17:04:10 IST" duration-ms="1" status="PASS">
          <reporter-output>
          </reporter-output>
        </test-method> <!-- test2 -->
        <test-method signature="test3()[pri:0, instance:Examples.FirstTestNG@2dc54ad4]" started-at="2024-05-30T17:04:10 IST" name="test3" finished-at="2024-05-30T17:04:10 IST" duration-ms="0" status="PASS">
          <reporter-output>
          </reporter-output>
        </test-method> <!-- test3 -->
      </class> <!-- Examples.FirstTestNG -->
    </test> <!-- Test -->
  </suite> <!-- Suite -->
</testng-results>
